<?xml version="1.0" encoding="UTF-8"?>
<!-- Generated by org.testng.reporters.JUnitReportReporter -->
<testsuite hostname="Aswinikumars-MacBook-Pro.local" name="twc.Automation.ExecutableTestCases.GDPR_Run" tests="21" failures="0" timestamp="27 Mar 2022 14:33:20 GMT" time="393.197" errors="0">
  <testcase name="Verify_amazon_aax_PreRollVideo_adcall_for_GDPR" time="0.218" classname="twc.Automation.ExecutableTestCases.GDPR_Run"/>
  <testcase name="Verify_amazon_aax_map_details_adcall_for_GDPR" time="0.244" classname="twc.Automation.ExecutableTestCases.GDPR_Run"/>
  <testcase name="validate_NextGen_IM_call_npa_val_for_GDPR" time="0.307" classname="twc.Automation.ExecutableTestCases.GDPR_Run"/>
  <testcase name="Verify_Amazon_Call" time="0.363" classname="twc.Automation.ExecutableTestCases.GDPR_Run"/>
  <testcase name="Smoke_Test_CaseVerify_Video_adCall_GDPR" time="0.338" classname="twc.Automation.ExecutableTestCases.GDPR_Run"/>
  <testcase name="Verify_amazon_aax_feed2_adcall_for_GDPR" time="0.249" classname="twc.Automation.ExecutableTestCases.GDPR_Run"/>
  <testcase name="Verify_LocationWFXTriggers_Call__for_GDPR" time="0.695" classname="twc.Automation.ExecutableTestCases.GDPR_Run"/>
  <testcase name="Verify_amazon_aax_feed3_adcall_for_GDPR" time="0.286" classname="twc.Automation.ExecutableTestCases.GDPR_Run"/>
  <testcase name="Verify_amazon_aax_Daily_details_adcall_for_GDPR" time="0.241" classname="twc.Automation.ExecutableTestCases.GDPR_Run"/>
  <testcase name="Verify_amazon_aax_Hourly_details_adcall_for_GDPR" time="0.238" classname="twc.Automation.ExecutableTestCases.GDPR_Run"/>
  <testcase name="Smoke_Test_CaseVerify_Homescreen_marquee_adCall_GDPR" time="0.296" classname="twc.Automation.ExecutableTestCases.GDPR_Run"/>
  <testcase name="Verify_amazon_aax_Hourly3_details_adcall_for_GDPR" time="0.203" classname="twc.Automation.ExecutableTestCases.GDPR_Run"/>
  <testcase name="preConditionsTest_for_GDPR" time="385.618" classname="twc.Automation.ExecutableTestCases.GDPR_Run"/>
  <testcase name="validate_Video_call_npa_val_for_GDPR" time="0.304" classname="twc.Automation.ExecutableTestCases.GDPR_Run"/>
  <testcase name="Verify_WFXTriggers_Call_privacy_for_GDPR" time="0.557" classname="twc.Automation.ExecutableTestCases.GDPR_Run"/>
  <testcase name="Verify_Criteo_SDK_config_app_Call_for_GDPR" time="0.297" classname="twc.Automation.ExecutableTestCases.GDPR_Run"/>
  <testcase name="Verify_Criteo_SDK_inapp_v2_Call_for_GDPR" time="0.322" classname="twc.Automation.ExecutableTestCases.GDPR_Run"/>
  <testcase name="Verify_amazon_aax_feed1_adcall_for_GDPR" time="0.245" classname="twc.Automation.ExecutableTestCases.GDPR_Run"/>
  <testcase name="Verify_Lotame_Call_for_GDPR" time="1.679" classname="twc.Automation.ExecutableTestCases.GDPR_Run"/>
  <testcase name="Verify_amazon_aax_Hourly2_details_adcall_for_GDPR" time="0.210" classname="twc.Automation.ExecutableTestCases.GDPR_Run"/>
  <testcase name="Verify_amazon_aax_Hourly1_details_adcall_for_GDPR" time="0.287" classname="twc.Automation.ExecutableTestCases.GDPR_Run"/>
</testsuite> <!-- twc.Automation.ExecutableTestCases.GDPR_Run -->
